<?xml version="1.0" encoding="UTF-8"?>
<!-- Generated by org.testng.reporters.JUnitXMLReporter -->
<testsuite ignored="0" hostname="DESKTOP-19CSE9T" failures="1" tests="9" name="RestAPI" time="17.088" errors="0" timestamp="2019-12-19T11:53:08 IST">
  <testcase classname="Suite1.Basics5_getAdvancedTest" name="getdataGoogleAPIResultValues" time="13.676"/>
  <testcase classname="Suite1.Basics8_AddBookExternalJsonFileTest" name="postdataAddBookExternalJsonFile" time="0.496"/>
  <testcase classname="Suite1.Basics7_AddAndDeleteTest" name="postdataAddAndDeleteBook" time="0.32"/>
  <testcase classname="Suite1.Basics7_AddAndDeleteTest" name="postdataAddAndDeleteBook" time="0.296"/>
  <testcase classname="Suite1.Basics7_AddAndDeleteTest" name="postdataAddAndDeleteBook" time="0.308"/>
  <testcase classname="Suite1.Basics3_GMapPostDeleteTest" name="postdeltedataGoogleAPI" time="0.428"/>
  <testcase classname="Suite1.Basics4_GMapPostXMLTest" name="postdataGoogleAPIXML" time="0.425"/>
  <testcase classname="Suite1.Basics1_GMapPostTest" name="postdataGoogleAPI" time="0.148"/>
  <testcase classname="Suite1.Basics_GMapGetTest" name="getDataGoogleAPI" time="0.429">
    <failure type="java.lang.AssertionError" message="1 expectation failed.
JSON path results[6].name doesn&amp;apos;t match.
Expected: The Sebel Quay West Suites Sydney
  Actual: null
">
      <![CDATA[java.lang.AssertionError: 1 expectation failed.
JSON path results[6].name doesn't match.
Expected: The Sebel Quay West Suites Sydney
  Actual: null

at org.codehaus.groovy.runtime.callsite.ConstructorSite$ConstructorSiteNoUnwrap.callConstructor(ConstructorSite.java:84)
at org.codehaus.groovy.runtime.callsite.CallSiteArray.defaultCallConstructor(CallSiteArray.java:59)
at org.codehaus.groovy.runtime.callsite.AbstractCallSite.callConstructor(AbstractCallSite.java:237)
at org.codehaus.groovy.runtime.callsite.AbstractCallSite.callConstructor(AbstractCallSite.java:249)
at io.restassured.internal.ResponseSpecificationImpl$HamcrestAssertionClosure.validate(ResponseSpecificationImpl.groovy:493)
at io.restassured.internal.ResponseSpecificationImpl$HamcrestAssertionClosure$validate$1.call(Unknown Source)
at io.restassured.internal.ResponseSpecificationImpl.validateResponseIfRequired(ResponseSpecificationImpl.groovy:674)
at org.codehaus.groovy.runtime.callsite.PlainObjectMetaMethodSite.doInvoke(PlainObjectMetaMethodSite.java:43)
at org.codehaus.groovy.runtime.callsite.PogoMetaMethodSite$PogoCachedMethodSiteNoUnwrapNoCoerce.invoke(PogoMetaMethodSite.java:190)
at org.codehaus.groovy.runtime.callsite.PogoMetaMethodSite.callCurrent(PogoMetaMethodSite.java:58)
at org.codehaus.groovy.runtime.callsite.AbstractCallSite.callCurrent(AbstractCallSite.java:168)
at io.restassured.internal.ResponseSpecificationImpl.body(ResponseSpecificationImpl.groovy:261)
at io.restassured.specification.ResponseSpecification$body$2.callCurrent(Unknown Source)
at io.restassured.internal.ResponseSpecificationImpl.body(ResponseSpecificationImpl.groovy:108)
at io.restassured.internal.ValidatableResponseOptionsImpl.body(ValidatableResponseOptionsImpl.java:244)
at io.restassured.internal.ValidatableResponseImpl.super$2$body(ValidatableResponseImpl.groovy)
at groovy.lang.MetaMethod.doMethodInvoke(MetaMethod.java:323)
at groovy.lang.MetaClassImpl.invokeMethod(MetaClassImpl.java:1217)
at org.codehaus.groovy.runtime.ScriptBytecodeAdapter.invokeMethodOnSuperN(ScriptBytecodeAdapter.java:144)
at io.restassured.internal.ValidatableResponseImpl.body(ValidatableResponseImpl.groovy:298)
at io.restassured.internal.ValidatableResponseImpl.body(ValidatableResponseImpl.groovy)
at Suite1.Basics_GMapGetTest.getDataGoogleAPI(Basics_GMapGetTest.java:45)
at java.base/java.util.ArrayList.forEach(ArrayList.java:1507)
... Removed 42 stack frames]]>
    </failure>
  </testcase> <!-- getDataGoogleAPI -->
</testsuite> <!-- RestAPI -->
